[main] INFO  BankingTestCase.BaseClass  - launching the chrome
[main] INFO  BankingTestCase.BaseClass  - launching the chrome
[main] INFO  BankingTestCase.BaseClass  - Entering the username
[main] INFO  BankingTestCase.BaseClass  - Entering Password
[main] INFO  BankingTestCase.BaseClass  - Clicking log in button
[main] INFO  BankingTestCase.BaseClass  - Closing the browser
[main] INFO  BankingTestCase.BaseClass  - launching the chrome
[main] INFO  BankingTestCase.BaseClass  - Entering the username
[main] INFO  BankingTestCase.BaseClass  - Entering Password
[main] INFO  BankingTestCase.BaseClass  - Clicking log in button
[main] INFO  BankingTestCase.BaseClass  - Closing the browser
[main] INFO  BankingTestCase.BaseClass  - launching the chrome
[main] INFO  BankingTestCase.BaseClass  - Entering the username
[main] INFO  BankingTestCase.BaseClass  - Entering Password
[main] INFO  BankingTestCase.BaseClass  - Clicking log in button
[main] INFO  BankingTestCase.BaseClass  - Closing the browser
[main] INFO  BankingTestCase.BaseClass  - launching the chrome
[main] INFO  BankingTestCase.BaseClass  - Entering the username
[main] INFO  BankingTestCase.BaseClass  - Entering Password
[main] INFO  BankingTestCase.BaseClass  - Clicking log in button
[main] INFO  BankingTestCase.BaseClass  - Closing the browser
[main] INFO  BankingTestCase.BaseClass  - launching the chrome
[main] INFO  BankingTestCase.BaseClass  - Entering the username
[main] INFO  BankingTestCase.BaseClass  - Entering Password
[main] INFO  BankingTestCase.BaseClass  - Clicking log in button
[main] INFO  BankingTestCase.BaseClass  - Closing the browser
[main] INFO  BankingTestCase.BaseClass  - launching the chrome
[main] INFO  BankingTestCase.BaseClass  - Entering the username
[main] INFO  BankingTestCase.BaseClass  - Entering Password
[main] INFO  BankingTestCase.BaseClass  - Clicking log in button
[main] INFO  BankingTestCase.BaseClass  - Closing the browser
[main] INFO  BankingTestCase.BaseClass  - launching the chrome
[main] INFO  BankingTestCase.BaseClass  - Entering the username
[main] INFO  BankingTestCase.BaseClass  - Entering Password
[main] INFO  BankingTestCase.BaseClass  - Clicking log in button
[main] INFO  BankingTestCase.BaseClass  - Closing the browser
[main] INFO  BankingTestCase.BaseClass  - launching the chrome
[main] INFO  BankingTestCase.BaseClass  - Entering the username
[main] INFO  BankingTestCase.BaseClass  - Entering Password
[main] INFO  BankingTestCase.BaseClass  - Clicking log in button
[main] INFO  BankingTestCase.BaseClass  - Closing the browser
[main] INFO  BankingTestCase.BaseClass  - launching the chrome
[main] INFO  BankingTestCase.BaseClass  - Entering the username
[main] INFO  BankingTestCase.BaseClass  - Entering Password
[main] INFO  BankingTestCase.BaseClass  - Clicking log in button
[main] INFO  BankingTestCase.BaseClass  - Closing the browser
[main] INFO  BankingTestCase.BaseClass  - launching the chrome
[main] INFO  BankingTestCase.BaseClass  - Entering the username
[main] INFO  BankingTestCase.BaseClass  - Entering Password
[main] INFO  BankingTestCase.BaseClass  - Clicking log in button
[main] INFO  BankingTestCase.BaseClass  - Closing the browser
[main] INFO  BankingTestCase.BaseClass  - launching the chrome
[main] INFO  BankingTestCase.BaseClass  - Entering the username
[main] INFO  BankingTestCase.BaseClass  - Entering Password
[main] INFO  BankingTestCase.BaseClass  - Clicking log in button
[main] INFO  BankingTestCase.BaseClass  - Closing the browser
[main] INFO  BankingTestCase.BaseClass  - launching the chrome
[main] INFO  BankingTestCase.BaseClass  - Entering the username
[main] INFO  BankingTestCase.BaseClass  - Entering Password
[main] INFO  BankingTestCase.BaseClass  - Clicking log in button
[main] INFO  BankingTestCase.BaseClass  - Closing the browser
[main] INFO  BankingTestCase.BaseClass  - launching the chrome
[main] INFO  BankingTestCase.BaseClass  - Entering the username
[main] INFO  BankingTestCase.BaseClass  - Entering Password
[main] INFO  BankingTestCase.BaseClass  - Clicking log in button
[main] INFO  BankingTestCase.BaseClass  - Closing the browser
[main] INFO  BankingTestCase.BaseClass  - launching the chrome
[main] INFO  BankingTestCase.BaseClass  - Entering the username
[main] INFO  BankingTestCase.BaseClass  - Entering Password
[main] INFO  BankingTestCase.BaseClass  - Clicking log in button
[main] INFO  BankingTestCase.BaseClass  - Closing the browser
[main] INFO  BankingTestCase.BaseClass  - launching the chrome
[main] INFO  BankingTestCase.BaseClass  - Entering the username
[main] INFO  BankingTestCase.BaseClass  - Entering Password
[main] INFO  BankingTestCase.BaseClass  - Clicking log in button
[main] INFO  BankingTestCase.BaseClass  - Closing the browser
[main] INFO  BankingTestCase.BaseClass  - launching the chrome
[main] INFO  BankingTestCase.BaseClass  - Entering the username
[main] INFO  BankingTestCase.BaseClass  - Entering Password
[main] INFO  BankingTestCase.BaseClass  - Clicking log in button
[main] INFO  BankingTestCase.BaseClass  - Closing the browser
[main] INFO  BankingTestCase.BaseClass  - launching the chrome
[main] INFO  BankingTestCase.BaseClass  - Entering the username
[main] INFO  BankingTestCase.BaseClass  - Entering Password
[main] INFO  BankingTestCase.BaseClass  - Clicking log in button
[main] INFO  BankingTestCase.BaseClass  - Closing the browser
[main] INFO  BankingTestCase.BaseClass  - launching the chrome
[main] INFO  BankingTestCase.BaseClass  - Entering the username
[main] INFO  BankingTestCase.BaseClass  - Entering Password
[main] INFO  BankingTestCase.BaseClass  - Clicking log in button
[main] INFO  BankingTestCase.BaseClass  - Closing the browser
[main] INFO  BankingTestCase.BaseClass  - launching the chrome
[main] INFO  BankingTestCase.BaseClass  - Entering the username
[main] INFO  BankingTestCase.BaseClass  - Entering Password
[main] INFO  BankingTestCase.BaseClass  - Clicking log in button
[main] INFO  BankingTestCase.BaseClass  - Closing the browser
[main] INFO  BankingTestCase.BaseClass  - launching the chrome
[main] INFO  BankingTestCase.BaseClass  - Entering the username
[main] INFO  BankingTestCase.BaseClass  - Entering Password
[main] INFO  BankingTestCase.BaseClass  - Clicking log in button
[main] INFO  BankingTestCase.BaseClass  - Closing the browser
[main] INFO  BankingTestCase.BaseClass  - launching the chrome
[main] INFO  BankingTestCase.BaseClass  - Entering the username
[main] INFO  BankingTestCase.BaseClass  - Entering Password
[main] INFO  BankingTestCase.BaseClass  - Clicking log in button
[main] INFO  BankingTestCase.BaseClass  - Closing the browser
[main] INFO  BankingTestCase.BaseClass  - launching the chrome
[main] INFO  BankingTestCase.BaseClass  - Entering the username
[main] INFO  BankingTestCase.BaseClass  - Entering Password
[main] INFO  BankingTestCase.BaseClass  - Clicking log in button
[main] INFO  BankingTestCase.BaseClass  - Closing the browser
[main] INFO  BankingTestCase.BaseClass  - launching the chrome
[main] INFO  BankingTestCase.BaseClass  - Entering the username
[main] INFO  BankingTestCase.BaseClass  - Entering Password
[main] INFO  BankingTestCase.BaseClass  - Clicking log in button
[main] INFO  BankingTestCase.BaseClass  - Closing the browser
[main] INFO  BankingTestCase.BaseClass  - launching the chrome
[main] INFO  BankingTestCase.BaseClass  - Entering the username
[main] INFO  BankingTestCase.BaseClass  - Entering Password
[main] INFO  BankingTestCase.BaseClass  - Clicking log in button
[main] INFO  BankingTestCase.BaseClass  - Closing the browser
[main] INFO  BankingTestCase.BaseClass  - launching the chrome
[main] INFO  BankingTestCase.BaseClass  - Entering the username
[main] INFO  BankingTestCase.BaseClass  - Entering Password
[main] INFO  BankingTestCase.BaseClass  - Clicking log in button
[main] INFO  BankingTestCase.BaseClass  - Closing the browser
[main] INFO  BankingTestCase.BaseClass  - launching the chrome
[main] INFO  BankingTestCase.BaseClass  - Entering the username
[main] INFO  BankingTestCase.BaseClass  - Entering Password
[main] INFO  BankingTestCase.BaseClass  - Clicking log in button
[main] INFO  BankingTestCase.BaseClass  - Closing the browser
[main] INFO  BankingTestCase.BaseClass  - launching the chrome
[main] INFO  BankingTestCase.BaseClass  - Entering the username
[main] INFO  BankingTestCase.BaseClass  - Entering Password
[main] INFO  BankingTestCase.BaseClass  - Clicking log in button
[main] INFO  BankingTestCase.BaseClass  - Closing the browser
[main] INFO  BankingTestCase.BaseClass  - launching the chrome
[main] INFO  BankingTestCase.BaseClass  - Entering the username
[main] INFO  BankingTestCase.BaseClass  - Entering Password
[main] INFO  BankingTestCase.BaseClass  - Clicking log in button
[main] INFO  BankingTestCase.BaseClass  - Closing the browser
[main] INFO  BankingTestCase.BaseClass  - launching the chrome
[main] INFO  BankingTestCase.BaseClass  - Entering the username
[main] INFO  BankingTestCase.BaseClass  - Entering Password
[main] INFO  BankingTestCase.BaseClass  - Clicking log in button
[main] INFO  BankingTestCase.BaseClass  - Closing the browser
[main] INFO  BankingTestCase.BaseClass  - launching the chrome
[main] INFO  BankingTestCase.BaseClass  - Entering the username
[main] INFO  BankingTestCase.BaseClass  - Entering Password
[main] INFO  BankingTestCase.BaseClass  - Clicking log in button
[main] INFO  BankingTestCase.BaseClass  - Closing the browser
[main] INFO  BankingTestCase.BaseClass  - launching the chrome
[main] INFO  BankingTestCase.BaseClass  - Entering the username
[main] INFO  BankingTestCase.BaseClass  - Entering Password
[main] INFO  BankingTestCase.BaseClass  - Clicking log in button
[main] INFO  BankingTestCase.BaseClass  - Closing the browser
[main] INFO  BankingTestCase.BaseClass  - launching the chrome
[main] INFO  BankingTestCase.BaseClass  - Entering the username
[main] INFO  BankingTestCase.BaseClass  - Entering Password
[main] INFO  BankingTestCase.BaseClass  - Clicking log in button
[main] INFO  BankingTestCase.BaseClass  - Closing the browser
[main] INFO  BankingTestCase.BaseClass  - launching the chrome
[main] INFO  BankingTestCase.BaseClass  - Entering the username
[main] INFO  BankingTestCase.BaseClass  - Closing the browser
[main] INFO  BankingTestCase.BaseClass  - launching the chrome
[main] INFO  BankingTestCase.BaseClass  - Entering the username
[main] INFO  BankingTestCase.BaseClass  - Closing the browser
[main] INFO  BankingTestCase.BaseClass  - launching the chrome
[main] INFO  BankingTestCase.BaseClass  - Entering the username
[main] INFO  BankingTestCase.BaseClass  - Entering Password
[main] INFO  BankingTestCase.BaseClass  - Clicking log in button
[main] INFO  BankingTestCase.BaseClass  - Closing the browser
[main] INFO  BankingTestCase.BaseClass  - launching the chrome
[main] INFO  BankingTestCase.BaseClass  - Entering the username
[main] INFO  BankingTestCase.BaseClass  - Entering Password
[main] INFO  BankingTestCase.BaseClass  - Clicking log in button
[main] INFO  BankingTestCase.BaseClass  - Closing the browser
